#
# There is insufficient memory for the Java Runtime Environment to continue.
# Native memory allocation (malloc) failed to allocate 2032016 bytes for Chunk::new
# Possible reasons:
#   The system is out of physical RAM or swap space
#   In 32 bit mode, the process size limit was hit
# Possible solutions:
#   Reduce memory load on the system
#   Increase physical memory or swap space
#   Check if swap backing store is full
#   Use 64 bit Java on a 64 bit OS
#   Decrease Java heap size (-Xmx/-Xms)
#   Decrease number of Java threads
#   Decrease Java thread stack sizes (-Xss)
#   Set larger code cache with -XX:ReservedCodeCacheSize=
# This output file may be truncated or incomplete.
#
#  Out of Memory Error (allocation.cpp:390), pid=8700, tid=7928
#
# JRE version: Java(TM) SE Runtime Environment (8.0_65-b17) (build 1.8.0_65-b17)
# Java VM: Java HotSpot(TM) 64-Bit Server VM (25.65-b01 mixed mode windows-amd64 compressed oops)
# Failed to write core dump. Minidumps are not enabled by default on client versions of Windows
#

---------------  T H R E A D  ---------------

Current thread (0x0000000018da7000):  JavaThread "C2 CompilerThread0" daemon [_thread_in_native, id=7928, stack(0x0000000019320000,0x0000000019420000)]

Stack: [0x0000000019320000,0x0000000019420000]
[error occurred during error reporting (printing stack bounds), id 0xc0000005]

Native frames: (J=compiled Java code, j=interpreted, Vv=VM code, C=native code)


Current CompileTask:
C2: 296208 18406       4       com.android.dx.dex.file.DebugInfoEncoder::emitHeader (530 bytes)


---------------  P R O C E S S  ---------------

Java Threads: ( => current thread )
  0x000000001c7d8000 JavaThread "pool-175-thread-4" [_thread_blocked, id=8396, stack(0x0000000027db0000,0x0000000027eb0000)]
  0x000000001c7d7800 JavaThread "pool-175-thread-3" [_thread_blocked, id=6620, stack(0x0000000027cb0000,0x0000000027db0000)]
  0x000000001c7d3800 JavaThread "pool-175-thread-2" [_thread_blocked, id=8400, stack(0x0000000027bb0000,0x0000000027cb0000)]
  0x000000001c7d6800 JavaThread "pool-176-thread-1" [_thread_blocked, id=8412, stack(0x00000000278a0000,0x00000000279a0000)]
  0x000000001c7cf000 JavaThread "pool-175-thread-1" [_thread_blocked, id=7140, stack(0x00000000261f0000,0x00000000262f0000)]
  0x000000001c7d6000 JavaThread "pool-172-thread-4" [_thread_blocked, id=8204, stack(0x00000000277a0000,0x00000000278a0000)]
  0x000000001c7d5000 JavaThread "pool-172-thread-3" [_thread_in_Java, id=4380, stack(0x0000000027360000,0x0000000027460000)]
  0x000000001c7d3000 JavaThread "pool-172-thread-2" [_thread_blocked, id=8572, stack(0x0000000026e60000,0x0000000026f60000)]
  0x000000001c7cd000 JavaThread "pool-173-thread-1" [_thread_blocked, id=8128, stack(0x0000000026660000,0x0000000026760000)]
  0x000000001c7ce800 JavaThread "pool-172-thread-1" [_thread_blocked, id=3832, stack(0x00000000262f0000,0x00000000263f0000)]
  0x000000001c7d1800 JavaThread "pool-163-thread-4" [_thread_blocked, id=7736, stack(0x0000000027ab0000,0x0000000027bb0000)]
  0x000000001c7d4800 JavaThread "pool-163-thread-3" [_thread_blocked, id=8392, stack(0x00000000279b0000,0x0000000027ab0000)]
  0x000000001c7d2000 JavaThread "pool-163-thread-2" [_thread_blocked, id=7512, stack(0x0000000027160000,0x0000000027260000)]
  0x000000001c7d0800 JavaThread "pool-164-thread-1" [_thread_blocked, id=8348, stack(0x0000000026b60000,0x0000000026c60000)]
  0x000000001c7c9000 JavaThread "pool-163-thread-1" [_thread_blocked, id=1196, stack(0x0000000026760000,0x0000000026860000)]
  0x000000001c7cc000 JavaThread "pool-145-thread-4" [_thread_blocked, id=556, stack(0x0000000027260000,0x0000000027360000)]
  0x000000001c7cd800 JavaThread "pool-145-thread-3" [_thread_blocked, id=312, stack(0x0000000027060000,0x0000000027160000)]
  0x000000001c7cb800 JavaThread "pool-145-thread-2" [_thread_blocked, id=7792, stack(0x0000000026f60000,0x0000000027060000)]
  0x000000001c7ca000 JavaThread "pool-146-thread-1" [_thread_blocked, id=452, stack(0x0000000026d60000,0x0000000026e60000)]
  0x000000001c7ca800 JavaThread "pool-145-thread-1" [_thread_blocked, id=8844, stack(0x0000000026c60000,0x0000000026d60000)]
  0x000000001acdb000 JavaThread "pool-99-thread-8" [_thread_blocked, id=8972, stack(0x0000000026a60000,0x0000000026b60000)]
  0x000000001ce15000 JavaThread "pool-99-thread-7" [_thread_blocked, id=5224, stack(0x0000000025df0000,0x0000000025ef0000)]
  0x000000001ce10800 JavaThread "pool-99-thread-6" [_thread_blocked, id=5304, stack(0x00000000256f0000,0x00000000257f0000)]
  0x000000001ce13800 JavaThread "pool-99-thread-5" [_thread_in_native, id=5436, stack(0x00000000255f0000,0x00000000256f0000)]
  0x000000001ce12800 JavaThread "pool-99-thread-4" [_thread_blocked, id=8084, stack(0x00000000252f0000,0x00000000253f0000)]
  0x000000001ce12000 JavaThread "pool-99-thread-3" [_thread_in_native, id=1428, stack(0x0000000023270000,0x0000000023370000)]
  0x000000001ce11000 JavaThread "pool-99-thread-2" [_thread_blocked, id=8536, stack(0x0000000021910000,0x0000000021a10000)]
  0x000000001ce0f000 JavaThread "pool-99-thread-1" [_thread_blocked, id=7132, stack(0x00000000205b0000,0x00000000206b0000)]
  0x000000001ce0d800 JavaThread "Stdin handler" [_thread_blocked, id=6060, stack(0x000000001bd50000,0x000000001be50000)]
  0x000000001ce0c800 JavaThread "Asynchronous log dispatcher for org.gradle.launcher.daemon.server.DefaultDaemonConnection@174a1f86" [_thread_blocked, id=7992, stack(0x000000001bc50000,0x000000001bd50000)]
  0x000000001ce08000 JavaThread "Cancel handler" [_thread_blocked, id=8260, stack(0x000000001ba50000,0x000000001bb50000)]
  0x000000001ce0a800 JavaThread "Handler for socket connection from /127.0.0.1:3027 to /127.0.0.1:5259" [_thread_in_native, id=8872, stack(0x000000001b950000,0x000000001ba50000)]
  0x000000001ce0c000 JavaThread "Daemon worker Thread 3" [_thread_blocked, id=532, stack(0x000000001bb50000,0x000000001bc50000)]
  0x000000001ce09800 JavaThread "Daemon Thread 3" [_thread_blocked, id=1412, stack(0x000000001b850000,0x000000001b950000)]
  0x000000001ce06800 JavaThread "pool-14-thread-4" [_thread_blocked, id=2412, stack(0x00000000260f0000,0x00000000261f0000)]
  0x000000001ce09000 JavaThread "pool-14-thread-3" [_thread_in_native, id=9120, stack(0x0000000025ff0000,0x00000000260f0000)]
  0x000000001ce06000 JavaThread "pool-14-thread-2" [_thread_blocked, id=9160, stack(0x0000000025ef0000,0x0000000025ff0000)]
  0x000000001ce07800 JavaThread "pool-14-thread-1" [_thread_blocked, id=688, stack(0x0000000024ff0000,0x00000000250f0000)]
  0x000000001acd7000 JavaThread "pool-2-thread-1" [_thread_blocked, id=4212, stack(0x000000001ec40000,0x000000001ed40000)]
  0x000000001acd6800 JavaThread "File lock request listener" [_thread_in_native, id=8760, stack(0x000000001d520000,0x000000001d620000)]
  0x000000001a5a3000 JavaThread "Incoming local TCP Connector on port 3027" [_thread_in_native, id=8668, stack(0x000000001b270000,0x000000001b370000)]
  0x000000001a585800 JavaThread "pool-1-thread-1" [_thread_blocked, id=6472, stack(0x000000001b170000,0x000000001b270000)]
  0x0000000018e50800 JavaThread "Service Thread" daemon [_thread_blocked, id=6596, stack(0x0000000019720000,0x0000000019820000)]
  0x0000000018db5800 JavaThread "C1 CompilerThread3" daemon [_thread_blocked, id=528, stack(0x0000000019620000,0x0000000019720000)]
  0x0000000018db2800 JavaThread "C2 CompilerThread2" daemon [_thread_in_native, id=4740, stack(0x0000000019520000,0x0000000019620000)]
  0x0000000018dab000 JavaThread "C2 CompilerThread1" daemon [_thread_in_native, id=6512, stack(0x0000000019420000,0x0000000019520000)]
=>0x0000000018da7000 JavaThread "C2 CompilerThread0" daemon [_thread_in_native, id=7928, stack(0x0000000019320000,0x0000000019420000)]
  0x0000000018da3800 JavaThread "Attach Listener" daemon [_thread_blocked, id=6852, stack(0x0000000019220000,0x0000000019320000)]
  0x0000000018d58800 JavaThread "Signal Dispatcher" daemon [_thread_blocked, id=6888, stack(0x0000000019120000,0x0000000019220000)]
  0x0000000002f99800 JavaThread "Finalizer" daemon [_thread_blocked, id=4636, stack(0x0000000018c20000,0x0000000018d20000)]
  0x0000000016d5d800 JavaThread "Reference Handler" daemon [_thread_blocked, id=3880, stack(0x0000000018b20000,0x0000000018c20000)]
  0x0000000002aad800 JavaThread "main" [_thread_blocked, id=7644, stack(0x0000000002da0000,0x0000000002ea0000)]

Other Threads:
  0x0000000016d58800 VMThread [stack: 0x0000000018a20000,0x0000000018b20000] [id=9004]
  0x0000000018ecc000 WatcherThread [stack: 0x0000000019820000,0x0000000019920000] [id=1236]

VM state:not at safepoint (normal execution)

VM Mutex/Monitor currently owned by a thread: None

Heap:
 PSYoungGen      total 400896K, used 196644K [0x00000000e0000000, 0x0000000100000000, 0x0000000100000000)
  eden space 343552K, 40% used [0x00000000e0000000,0x00000000e8809970,0x00000000f4f80000)
  from space 57344K, 99% used [0x00000000f4f80000,0x00000000f877f9f0,0x00000000f8780000)
  to   space 75264K, 0% used [0x00000000fb680000,0x00000000fb680000,0x0000000100000000)
 ParOldGen       total 128000K, used 78904K [0x00000000a0000000, 0x00000000a7d00000, 0x00000000e0000000)
  object space 128000K, 61% used [0x00000000a0000000,0x00000000a4d0e0b8,0x00000000a7d00000)
 Metaspace       used 73897K, capacity 77608K, committed 77824K, reserved 1116160K
  class space    used 9688K, capacity 10419K, committed 10496K, reserved 1048576K

Card table byte_map: [0x0000000012360000,0x0000000012670000] byte_map_base: 0x0000000011e60000

Marking Bits: (ParMarkBitMap*) 0x00000000653aa5b0
 Begin Bits: [0x0000000013070000, 0x0000000014870000)
 End Bits:   [0x0000000014870000, 0x0000000016070000)

Polling page: 0x0000000001240000

CodeCache: size=245760Kb used=51913Kb max_used=52002Kb free=193846Kb
 bounds [0x0000000002fa0000, 0x0000000006360000, 0x0000000011fa0000]
 total_blobs=15197 nmethods=14441 adapters=667
 compilation: enabled

Compilation events (10 events):
Event: 295.985 Thread 0x0000000018db5800 18411       2       com.android.dx.cf.code.Ropper$CatchInfo::<init> (21 bytes)
Event: 295.986 Thread 0x0000000018db5800 nmethod 18411 0x0000000005121090 code [0x00000000051211e0, 0x00000000051213b0]
Event: 295.990 Thread 0x0000000018db5800 18412   !   2       com.google.common.io.CharSink::write (55 bytes)
Event: 295.992 Thread 0x0000000018db5800 nmethod 18412 0x00000000052be9d0 code [0x00000000052bec40, 0x00000000052bf4a8]
Event: 295.994 Thread 0x0000000018db5800 18413       2       com.google.common.io.ByteSink$AsCharSink::openStream (19 bytes)
Event: 295.995 Thread 0x0000000018db5800 nmethod 18413 0x00000000049f8850 code [0x00000000049f8a20, 0x00000000049f8ee8]
Event: 296.031 Thread 0x0000000018db5800 18416       2       com.android.dx.rop.cst.CstLong::make (9 bytes)
Event: 296.032 Thread 0x0000000018db5800 nmethod 18416 0x00000000038afc10 code [0x00000000038afd60, 0x00000000038afef0]
Event: 296.034 Thread 0x0000000018db5800 18417       2       com.android.dx.rop.cst.CstLong::<init> (6 bytes)
Event: 296.034 Thread 0x0000000018db5800 nmethod 18417 0x0000000003c41110 code [0x0000000003c41260, 0x0000000003c413b0]

GC Heap History (10 events):
Event: 284.783 GC heap before
{Heap before GC invocations=31 (full 7):
 PSYoungGen      total 318976K, used 285184K [0x00000000e0000000, 0x00000000f8e80000, 0x0000000100000000)
  eden space 285184K, 100% used [0x00000000e0000000,0x00000000f1680000,0x00000000f1680000)
  from space 33792K, 0% used [0x00000000f4300000,0x00000000f4300000,0x00000000f6400000)
  to   space 45568K, 0% used [0x00000000f1680000,0x00000000f1680000,0x00000000f4300000)
 ParOldGen       total 128000K, used 57039K [0x00000000a0000000, 0x00000000a7d00000, 0x00000000e0000000)
  object space 128000K, 44% used [0x00000000a0000000,0x00000000a37b3d78,0x00000000a7d00000)
 Metaspace       used 72963K, capacity 76392K, committed 76672K, reserved 1116160K
  class space    used 9594K, capacity 10267K, committed 10368K, reserved 1048576K
Event: 284.806 GC heap after
Heap after GC invocations=31 (full 7):
 PSYoungGen      total 330752K, used 8350K [0x00000000e0000000, 0x00000000faa80000, 0x0000000100000000)
  eden space 285184K, 0% used [0x00000000e0000000,0x00000000e0000000,0x00000000f1680000)
  from space 45568K, 18% used [0x00000000f1680000,0x00000000f1ea7968,0x00000000f4300000)
  to   space 55808K, 0% used [0x00000000f7400000,0x00000000f7400000,0x00000000faa80000)
 ParOldGen       total 128000K, used 57047K [0x00000000a0000000, 0x00000000a7d00000, 0x00000000e0000000)
  object space 128000K, 44% used [0x00000000a0000000,0x00000000a37b5d78,0x00000000a7d00000)
 Metaspace       used 72963K, capacity 76392K, committed 76672K, reserved 1116160K
  class space    used 9594K, capacity 10267K, committed 10368K, reserved 1048576K
}
Event: 292.914 GC heap before
{Heap before GC invocations=32 (full 7):
 PSYoungGen      total 330752K, used 293534K [0x00000000e0000000, 0x00000000faa80000, 0x0000000100000000)
  eden space 285184K, 100% used [0x00000000e0000000,0x00000000f1680000,0x00000000f1680000)
  from space 45568K, 18% used [0x00000000f1680000,0x00000000f1ea7968,0x00000000f4300000)
  to   space 55808K, 0% used [0x00000000f7400000,0x00000000f7400000,0x00000000faa80000)
 ParOldGen       total 128000K, used 57047K [0x00000000a0000000, 0x00000000a7d00000, 0x00000000e0000000)
  object space 128000K, 44% used [0x00000000a0000000,0x00000000a37b5d78,0x00000000a7d00000)
 Metaspace       used 73490K, capacity 77090K, committed 77184K, reserved 1116160K
  class space    used 9638K, capacity 10340K, committed 10368K, reserved 1048576K
Event: 292.928 GC heap after
Heap after GC invocations=32 (full 7):
 PSYoungGen      total 361472K, used 14972K [0x00000000e0000000, 0x00000000f9e00000, 0x0000000100000000)
  eden space 318464K, 0% used [0x00000000e0000000,0x00000000e0000000,0x00000000f3700000)
  from space 43008K, 34% used [0x00000000f7400000,0x00000000f829f208,0x00000000f9e00000)
  to   space 52736K, 0% used [0x00000000f3700000,0x00000000f3700000,0x00000000f6a80000)
 ParOldGen       total 128000K, used 57055K [0x00000000a0000000, 0x00000000a7d00000, 0x00000000e0000000)
  object space 128000K, 44% used [0x00000000a0000000,0x00000000a37b7d78,0x00000000a7d00000)
 Metaspace       used 73490K, capacity 77090K, committed 77184K, reserved 1116160K
  class space    used 9638K, capacity 10340K, committed 10368K, reserved 1048576K
}
Event: 293.844 GC heap before
{Heap before GC invocations=33 (full 7):
 PSYoungGen      total 361472K, used 333436K [0x00000000e0000000, 0x00000000f9e00000, 0x0000000100000000)
  eden space 318464K, 100% used [0x00000000e0000000,0x00000000f3700000,0x00000000f3700000)
  from space 43008K, 34% used [0x00000000f7400000,0x00000000f829f208,0x00000000f9e00000)
  to   space 52736K, 0% used [0x00000000f3700000,0x00000000f3700000,0x00000000f6a80000)
 ParOldGen       total 128000K, used 57055K [0x00000000a0000000, 0x00000000a7d00000, 0x00000000e0000000)
  object space 128000K, 44% used [0x00000000a0000000,0x00000000a37b7d78,0x00000000a7d00000)
 Metaspace       used 73870K, capacity 77544K, committed 77824K, reserved 1116160K
  class space    used 9688K, capacity 10419K, committed 10496K, reserved 1048576K
Event: 293.866 GC heap after
Heap after GC invocations=33 (full 7):
 PSYoungGen      total 371200K, used 17812K [0x00000000e0000000, 0x00000000fb800000, 0x0000000100000000)
  eden space 318464K, 0% used [0x00000000e0000000,0x00000000e0000000,0x00000000f3700000)
  from space 52736K, 33% used [0x00000000f3700000,0x00000000f4865360,0x00000000f6a80000)
  to   space 49664K, 0% used [0x00000000f8780000,0x00000000f8780000,0x00000000fb800000)
 ParOldGen       total 128000K, used 57063K [0x00000000a0000000, 0x00000000a7d00000, 0x00000000e0000000)
  object space 128000K, 44% used [0x00000000a0000000,0x00000000a37b9d78,0x00000000a7d00000)
 Metaspace       used 73870K, capacity 77544K, committed 77824K, reserved 1116160K
  class space    used 9688K, capacity 10419K, committed 10496K, reserved 1048576K
}
Event: 294.235 GC heap before
{Heap before GC invocations=34 (full 7):
 PSYoungGen      total 371200K, used 336276K [0x00000000e0000000, 0x00000000fb800000, 0x0000000100000000)
  eden space 318464K, 100% used [0x00000000e0000000,0x00000000f3700000,0x00000000f3700000)
  from space 52736K, 33% used [0x00000000f3700000,0x00000000f4865360,0x00000000f6a80000)
  to   space 49664K, 0% used [0x00000000f8780000,0x00000000f8780000,0x00000000fb800000)
 ParOldGen       total 128000K, used 57121K [0x00000000a0000000, 0x00000000a7d00000, 0x00000000e0000000)
  object space 128000K, 44% used [0x00000000a0000000,0x00000000a37c8448,0x00000000a7d00000)
 Metaspace       used 73886K, capacity 77608K, committed 77824K, reserved 1116160K
  class space    used 9688K, capacity 10419K, committed 10496K, reserved 1048576K
Event: 294.276 GC heap after
Heap after GC invocations=34 (full 7):
 PSYoungGen      total 393216K, used 48427K [0x00000000e0000000, 0x00000000fc380000, 0x0000000100000000)
  eden space 343552K, 0% used [0x00000000e0000000,0x00000000e0000000,0x00000000f4f80000)
  from space 49664K, 97% used [0x00000000f8780000,0x00000000fb6cad40,0x00000000fb800000)
  to   space 57344K, 0% used [0x00000000f4f80000,0x00000000f4f80000,0x00000000f8780000)
 ParOldGen       total 128000K, used 57129K [0x00000000a0000000, 0x00000000a7d00000, 0x00000000e0000000)
  object space 128000K, 44% used [0x00000000a0000000,0x00000000a37ca448,0x00000000a7d00000)
 Metaspace       used 73886K, capacity 77608K, committed 77824K, reserved 1116160K
  class space    used 9688K, capacity 10419K, committed 10496K, reserved 1048576K
}
Event: 295.297 GC heap before
{Heap before GC invocations=35 (full 7):
 PSYoungGen      total 393216K, used 391979K [0x00000000e0000000, 0x00000000fc380000, 0x0000000100000000)
  eden space 343552K, 100% used [0x00000000e0000000,0x00000000f4f80000,0x00000000f4f80000)
  from space 49664K, 97% used [0x00000000f8780000,0x00000000fb6cad40,0x00000000fb800000)
  to   space 57344K, 0% used [0x00000000f4f80000,0x00000000f4f80000,0x00000000f8780000)
 ParOldGen       total 128000K, used 57131K [0x00000000a0000000, 0x00000000a7d00000, 0x00000000e0000000)
  object space 128000K, 44% used [0x00000000a0000000,0x00000000a37cac30,0x00000000a7d00000)
 Metaspace       used 73893K, capacity 77608K, committed 77824K, reserved 1116160K
  class space    used 9688K, capacity 10419K, committed 10496K, reserved 1048576K
Event: 295.441 GC heap after
Heap after GC invocations=35 (full 7):
 PSYoungGen      total 400896K, used 57342K [0x00000000e0000000, 0x0000000100000000, 0x0000000100000000)
  eden space 343552K, 0% used [0x00000000e0000000,0x00000000e0000000,0x00000000f4f80000)
  from space 57344K, 99% used [0x00000000f4f80000,0x00000000f877f9f0,0x00000000f8780000)
  to   space 75264K, 0% used [0x00000000fb680000,0x00000000fb680000,0x0000000100000000)
 ParOldGen       total 128000K, used 78904K [0x00000000a0000000, 0x00000000a7d00000, 0x00000000e0000000)
  object space 128000K, 61% used [0x00000000a0000000,0x00000000a4d0e0b8,0x00000000a7d00000)
 Metaspace       used 73893K, capacity 77608K, committed 77824K, reserved 1116160K
  class space    used 9688K, capacity 10419K, committed 10496K, reserved 1048576K
}

Deoptimization events (10 events):
Event: 294.600 Thread 0x000000001c7ca800 Uncommon trap: reason=unstable_if action=reinterpret pc=0x000000000449365c method=com.android.dx.ssa.LiteralOpUpgrader$1.visitNonMoveInsn(Lcom/android/dx/ssa/NormalSsaInsn;)V @ 24
Event: 294.649 Thread 0x000000001c7cb800 Uncommon trap: reason=unstable_if action=reinterpret pc=0x00000000062f8660 method=com.android.dx.rop.code.DexTranslationAdvice.hasConstantOperation(Lcom/android/dx/rop/code/Rop;Lcom/android/dx/rop/code/RegisterSpec;Lcom/android/dx/rop/code/RegisterSpec;)Z £ê7¸jr@
Event: 294.687 Thread 0x000000001c7d3800 Uncommon trap: reason=class_check action=maybe_recompile pc=0x00000000062ea534 method=com.android.dx.ssa.back.FirstFitLocalCombiningAllocator.findNextUnreservedRopReg(IILcom/android/dx/ssa/back/FirstFitLocalCombiningAllocator$Alignment;)I @ 60
Event: 294.689 Thread 0x000000001c7d3800 Uncommon trap: reason=class_check action=maybe_recompile pc=0x00000000062ea534 method=com.android.dx.ssa.back.FirstFitLocalCombiningAllocator.findNextUnreservedRopReg(IILcom/android/dx/ssa/back/FirstFitLocalCombiningAllocator$Alignment;)I @ 60
Event: 295.079 Thread 0x000000001c7d8000 Uncommon trap: reason=bimorphic action=maybe_recompile pc=0x0000000006313244 method=com.android.dx.cf.code.BytecodeArray.parseInstruction(ILcom/android/dx/cf/code/BytecodeArray$Visitor;)I @ 1287
Event: 295.080 Thread 0x000000001c7d8000 Uncommon trap: reason=bimorphic action=maybe_recompile pc=0x0000000006313244 method=com.android.dx.cf.code.BytecodeArray.parseInstruction(ILcom/android/dx/cf/code/BytecodeArray$Visitor;)I @ 1287
Event: 295.080 Thread 0x000000001c7d8000 Uncommon trap: reason=bimorphic action=maybe_recompile pc=0x0000000006313244 method=com.android.dx.cf.code.BytecodeArray.parseInstruction(ILcom/android/dx/cf/code/BytecodeArray$Visitor;)I @ 1287
Event: 295.080 Thread 0x000000001c7d8000 Uncommon trap: reason=bimorphic action=maybe_recompile pc=0x0000000006313244 method=com.android.dx.cf.code.BytecodeArray.parseInstruction(ILcom/android/dx/cf/code/BytecodeArray$Visitor;)I @ 1287
Event: 295.748 Thread 0x000000001c7cd800 Uncommon trap: reason=unstable_if action=reinterpret pc=0x0000000003e7fbc0 method=com.android.dx.cf.code.Merger.mergeType(Lcom/android/dx/rop/type/TypeBearer;Lcom/android/dx/rop/type/TypeBearer;)Lcom/android/dx/rop/type/TypeBearer; @ 133
Event: 296.164 Thread 0x000000001c7d5000 Uncommon trap: reason=class_check action=maybe_recompile pc=0x0000000005988d74 method=com.android.dx.ssa.DomFront.calcDomFronts()V @ 101

Internal exceptions (10 events):
Event: 275.388 Thread 0x000000001ce0c000 Exception <a 'sun/nio/fs/WindowsException'> (0x00000000ec8a86a0) thrown at [C:\workspace\8-2-build-windows-amd64-cygwin\jdk8u65\4987\hotspot\src\share\vm\prims\jni.cpp, line 709]
Event: 275.388 Thread 0x000000001ce0c000 Exception <a 'sun/nio/fs/WindowsException'> (0x00000000ec8aa0b0) thrown at [C:\workspace\8-2-build-windows-amd64-cygwin\jdk8u65\4987\hotspot\src\share\vm\prims\jni.cpp, line 709]
Event: 275.388 Thread 0x000000001ce0c000 Exception <a 'sun/nio/fs/WindowsException'> (0x00000000ec8aaa30) thrown at [C:\workspace\8-2-build-windows-amd64-cygwin\jdk8u65\4987\hotspot\src\share\vm\prims\jni.cpp, line 709]
Event: 284.684 Thread 0x000000001ce0c000 Exception <a 'java/lang/ClassNotFoundException': asLocalRepo94_33soafsdbtwiglubwx813cmh4BeanInfo> (0x00000000f021b8e8) thrown at [C:\workspace\8-2-build-windows-amd64-cygwin\jdk8u65\4987\hotspot\src\share\vm\classfile\systemDictionary.cpp, line 210]
Event: 284.684 Thread 0x000000001ce0c000 Exception <a 'java/lang/ClassNotFoundException': asLocalRepo94_33soafsdbtwiglubwx813cmh4Customizer> (0x00000000f02254f0) thrown at [C:\workspace\8-2-build-windows-amd64-cygwin\jdk8u65\4987\hotspot\src\share\vm\classfile\systemDictionary.cpp, line 210]
Event: 285.101 Thread 0x000000001ce0c000 Exception <a 'sun/nio/fs/WindowsException'> (0x00000000e30b2458) thrown at [C:\workspace\8-2-build-windows-amd64-cygwin\jdk8u65\4987\hotspot\src\share\vm\prims\jni.cpp, line 709]
Event: 285.396 Thread 0x000000001ce0c000 Implicit null exception at 0x00000000049a739a to 0x00000000049a7a29
Event: 285.397 Thread 0x000000001ce0c000 Implicit null exception at 0x0000000004966281 to 0x0000000004966525
Event: 288.552 Thread 0x000000001ce0c000 Implicit null exception at 0x0000000005dd994f to 0x0000000005dda649
Event: 293.903 Thread 0x000000001c7ce800 Implicit null exception at 0x000000000556d418 to 0x000000000556ef89

Events (10 events):
Event: 296.113 Executing VM operation: RevokeBias done
Event: 296.113 Executing VM operation: RevokeBias
Event: 296.114 Executing VM operation: RevokeBias done
Event: 296.122 Thread 0x000000001ce09000 DEOPT PACKING pc=0x00000000055c724c sp=0x00000000260edf60
Event: 296.122 Thread 0x000000001ce09000 DEOPT UNPACKING pc=0x0000000002fe787f sp=0x00000000260edcf0 mode 0
Event: 296.152 Thread 0x000000001ce09000 DEOPT PACKING pc=0x00000000056ab72e sp=0x00000000260ee370
Event: 296.152 Thread 0x000000001ce09000 DEOPT UNPACKING pc=0x0000000002fe787f sp=0x00000000260ee158 mode 0
Event: 296.164 Thread 0x000000001c7d5000 Uncommon trap: trap_request=0xffffffde fr.pc=0x0000000005988d74
Event: 296.164 Thread 0x000000001c7d5000 DEOPT PACKING pc=0x0000000005988d74 sp=0x000000002745e3c0
Event: 296.164 Thread 0x000000001c7d5000 DEOPT UNPACKING pc=0x0000000002fe582a sp=0x000000002745e388 mode 2


Dynamic libraries:
0x00007ff637dc0000 - 0x00007ff637df7000 	D:\Program Files\Java\jdk1.8.0_65\bin\java.exe
0x00007fff74250000 - 0x00007fff743f9000 	C:\Windows\SYSTEM32\ntdll.dll
0x00007fff73d20000 - 0x00007fff73e59000 	C:\Windows\system32\KERNEL32.DLL
0x00007fff71750000 - 0x00007fff7185e000 	C:\Windows\system32\KERNELBASE.dll
0x00007fff73e60000 - 0x00007fff73f05000 	C:\Windows\system32\ADVAPI32.dll
0x00007fff72380000 - 0x00007fff724f1000 	C:\Windows\system32\USER32.dll
0x00007fff6ea90000 - 0x00007fff6ecea000 	C:\Windows\WinSxS\amd64_microsoft.windows.common-controls_6595b64144ccf1df_6.0.9600.16384_none_62475f7becb72503\COMCTL32.dll
0x00007fff726e0000 - 0x00007fff72787000 	C:\Windows\system32\msvcrt.dll
0x00007fff72790000 - 0x00007fff727e7000 	C:\Windows\SYSTEM32\sechost.dll
0x00007fff74110000 - 0x00007fff74246000 	C:\Windows\system32\RPCRT4.dll
0x00007fff71e50000 - 0x00007fff71f95000 	C:\Windows\system32\GDI32.dll
0x00007fff72040000 - 0x00007fff72074000 	C:\Windows\system32\IMM32.DLL
0x00007fff71c60000 - 0x00007fff71d99000 	C:\Windows\system32\MSCTF.dll
0x0000000065430000 - 0x0000000065502000 	D:\Program Files\Java\jdk1.8.0_65\jre\bin\msvcr100.dll
0x0000000064ba0000 - 0x0000000065429000 	D:\Program Files\Java\jdk1.8.0_65\jre\bin\server\jvm.dll
0x00007fff6d9f0000 - 0x00007fff6d9f9000 	C:\Windows\SYSTEM32\WSOCK32.dll
0x00007fff6a2c0000 - 0x00007fff6a2df000 	C:\Windows\SYSTEM32\WINMM.dll
0x00007fff680f0000 - 0x00007fff680fa000 	C:\Windows\SYSTEM32\VERSION.dll
0x00007fff71da0000 - 0x00007fff71da7000 	C:\Windows\system32\PSAPI.DLL
0x00007fff73f10000 - 0x00007fff73f68000 	C:\Windows\system32\WS2_32.dll
0x00007fff694c0000 - 0x00007fff694ea000 	C:\Windows\SYSTEM32\WINMMBASE.dll
0x00007fff71db0000 - 0x00007fff71db9000 	C:\Windows\system32\NSI.dll
0x00007fff71860000 - 0x00007fff718aa000 	C:\Windows\SYSTEM32\cfgmgr32.dll
0x00007fff70480000 - 0x00007fff704a6000 	C:\Windows\SYSTEM32\DEVOBJ.dll
0x0000000064b90000 - 0x0000000064b9f000 	D:\Program Files\Java\jdk1.8.0_65\jre\bin\verify.dll
0x0000000064b60000 - 0x0000000064b89000 	D:\Program Files\Java\jdk1.8.0_65\jre\bin\java.dll
0x0000000064b40000 - 0x0000000064b56000 	D:\Program Files\Java\jdk1.8.0_65\jre\bin\zip.dll
0x00007fff72910000 - 0x00007fff73d1d000 	C:\Windows\system32\SHELL32.dll
0x00007fff720e0000 - 0x00007fff722b7000 	C:\Windows\SYSTEM32\combase.dll
0x00007fff728a0000 - 0x00007fff728f1000 	C:\Windows\system32\SHLWAPI.dll
0x00007fff6fc20000 - 0x00007fff6fcc1000 	C:\Windows\SYSTEM32\SHCORE.dll
0x00007fff715d0000 - 0x00007fff715e4000 	C:\Windows\SYSTEM32\profapi.dll
0x0000000064b20000 - 0x0000000064b3a000 	D:\Program Files\Java\jdk1.8.0_65\jre\bin\net.dll
0x00007fff70e30000 - 0x00007fff70e88000 	C:\Windows\system32\mswsock.dll
0x0000000064b00000 - 0x0000000064b11000 	D:\Program Files\Java\jdk1.8.0_65\jre\bin\nio.dll
0x00007fff66140000 - 0x00007fff66152000 	C:\Users\Administrator\.gradle\native\19\windows-amd64\native-platform.dll
0x00007fff70e90000 - 0x00007fff70eae000 	C:\Windows\SYSTEM32\CRYPTSP.dll
0x00007fff70ad0000 - 0x00007fff70b05000 	C:\Windows\system32\rsaenh.dll
0x00007fff71120000 - 0x00007fff71146000 	C:\Windows\SYSTEM32\bcrypt.dll
0x00007fff70be0000 - 0x00007fff70bff000 	C:\Windows\SYSTEM32\USERENV.dll
0x00007fff71440000 - 0x00007fff7149e000 	C:\Windows\system32\bcryptprimitives.dll
0x00007fff714a0000 - 0x00007fff714aa000 	C:\Windows\SYSTEM32\CRYPTBASE.dll
0x00007fff6c090000 - 0x00007fff6c0b9000 	C:\Windows\SYSTEM32\IPHLPAPI.DLL
0x00007fff6c070000 - 0x00007fff6c07a000 	C:\Windows\SYSTEM32\WINNSI.DLL
0x00007fff6be70000 - 0x00007fff6be84000 	C:\Windows\SYSTEM32\dhcpcsvc6.DLL
0x00007fff6be50000 - 0x00007fff6be69000 	C:\Windows\SYSTEM32\dhcpcsvc.DLL
0x0000000064af0000 - 0x0000000064afd000 	D:\Program Files\Java\jdk1.8.0_65\jre\bin\management.dll

VM Arguments:
jvm_args: -Xmx1536m -Dfile.encoding=GBK -Duser.country=CN -Duser.language=zh -Duser.variant 
java_command: org.gradle.launcher.daemon.bootstrap.GradleDaemon 2.14.1
java_class_path (initial): C:\Program Files\Android\Android Studio\gradle\gradle-2.14.1\lib\gradle-launcher-2.14.1.jar
Launcher Type: SUN_STANDARD

Environment Variables:
JAVA_HOME=D:\Program Files\Java\jdk1.8.0_65
CLASSPATH=.;D:\Program Files\Java\jdk1.8.0_65\lib;D:\Program Files\Java\jdk1.8.0_65\lib\tools.jar;D:\Program Files\Java\jdk1.8.0_65\lib\dt.jar
PATH=C:\Program Files (x86)\Common Files\NetSarang;C:\Program Files (x86)\Intel\iCLS Client\;C:\Program Files\Intel\iCLS Client\;C:\Windows\system32;C:\Windows;C:\Windows\System32\Wbem;C:\Windows\System32\WindowsPowerShell\v1.0\;C:\Program Files (x86)\Intel\Intel(R) Management Engine Components\DAL;C:\Program Files\Intel\Intel(R) Management Engine Components\DAL;C:\Program Files (x86)\Intel\Intel(R) Management Engine Components\IPT;C:\Program Files\Intel\Intel(R) Management Engine Components\IPT;C:\Program Files (x86)\Microsoft SQL Server\100\Tools\Binn\;C:\Program Files\Microsoft SQL Server\100\Tools\Binn\;C:\Program Files\Microsoft SQL Server\100\DTS\Binn\;D:\Program Files\Java\jdk1.8.0_65\bin;E:\sdk\tools;E:\sdk\platform-tools;E:\android-ndk-r12b;D:\Program Files\Android\Android Studio\gradle\gradle-2.8\bin;D:\Program Files\TortoiseSVN\bin;D:\Program Files\Java\jdk1.8.0_65\bin;E:\android-ndk-r12b;G:\MyProject\OpenLibs\webrtc_about\depot_tools;C:\Program Files (x86)\Windows Kits\8.1\Windows Performance Toolkit\;C:\Program Files\Microsoft SQL Server\110\Tools\Binn\;C:\Program Files (x86)\Microsoft SDKs\TypeScript\1.0\;E:\sdk\cmake\3.6.3155560\bin;C:\Python27\;C:\Program Files (x86)\nasm;C:\Program Files (x86)\OpenVPN\bin
USERNAME=Administrator
OS=Windows_NT
PROCESSOR_IDENTIFIER=Intel64 Family 6 Model 60 Stepping 3, GenuineIntel



---------------  S Y S T E M  ---------------

OS: Windows 8.1 , 64 bit Build 9600 (6.3.9600.16656)

CPU:total 8 (4 cores per cpu, 2 threads per core) family 6 model 60 stepping 3, cmov, cx8, fxsr, mmx, sse, sse2, sse3, ssse3, sse4.1, sse4.2, popcnt, avx, avx2, aes, clmul, erms, rtm, lzcnt, ht, tsc, tscinvbit, bmi1, bmi2

Memory: 4k page, physical 8273752k(541872k free), swap 8273752k(5268k free)

vm_info: Java HotSpot(TM) 64-Bit Server VM (25.65-b01) for windows-amd64 JRE (1.8.0_65-b17), built on Oct  6 2015 16:39:20 by "java_re" with MS VC++ 10.0 (VS2010)

time: Sun Sep 25 21:49:36 2016
elapsed time: 296 seconds (0d 0h 4m 56s)

